app/build/outputs/logs/manifest-merger-debug-report.txt
-- Merging decision tree log ---
manifest
ADDED from src/main/AndroidManifest.xml:2:1-45:12
	package
		ADDED from src/main/AndroidManifest.xml:3:5-33
		INJECTED from src/main/AndroidManifest.xml
		INJECTED from src/main/AndroidManifest.xml
	android:versionName
		ADDED from src/main/AndroidManifest.xml:5:5-30
		INJECTED from src/main/AndroidManifest.xml
		INJECTED from src/main/AndroidManifest.xml
	android:versionCode
		ADDED from src/main/AndroidManifest.xml:4:5-28
		INJECTED from src/main/AndroidManifest.xml
		INJECTED from src/main/AndroidManifest.xml
	xmlns:android
		ADDED from src/main/AndroidManifest.xml:2:11-69
uses-sdk
ADDED from src/main/AndroidManifest.xml:7:5-43
	android:targetSdkVersion
		INJECTED from src/main/AndroidManifest.xml
		INJECTED from src/main/AndroidManifest.xml
	android:minSdkVersion
		ADDED from src/main/AndroidManifest.xml:7:15-40
		INJECTED from src/main/AndroidManifest.xml
		INJECTED from src/main/AndroidManifest.xml
application
ADDED from src/main/AndroidManifest.xml:9:5-31:19
	android:label
		ADDED from src/main/AndroidManifest.xml:9:48-80
	android:icon
		ADDED from src/main/AndroidManifest.xml:9:18-47
activity#com.mmclub.mreader.mReaderActivity
ADDED from src/main/AndroidManifest.xml:10:9-16:20
	android:label
		ADDED from src/main/AndroidManifest.xml:11:19-51
	android:name
		ADDED from src/main/AndroidManifest.xml:10:19-50
intent-filter#android.intent.action.MAIN+android.intent.category.LAUNCHER
ADDED from src/main/AndroidManifest.xml:12:13-15:29
action#android.intent.action.MAIN
ADDED from src/main/AndroidManifest.xml:13:17-69
	android:name
		ADDED from src/main/AndroidManifest.xml:13:25-66
category#android.intent.category.LAUNCHER
ADDED from src/main/AndroidManifest.xml:14:17-77
	android:name
		ADDED from src/main/AndroidManifest.xml:14:27-74
activity#com.mmclub.mreader.SettingActivity
ADDED from src/main/AndroidManifest.xml:18:2-19:55
	android:launchMode
		ADDED from src/main/AndroidManifest.xml:19:12-43
	android:name
		ADDED from src/main/AndroidManifest.xml:18:12-43
activity#com.mmclub.mreader.OpenFileActivity
ADDED from src/main/AndroidManifest.xml:20:2-21:55
	android:launchMode
		ADDED from src/main/AndroidManifest.xml:21:12-43
	android:name
		ADDED from src/main/AndroidManifest.xml:20:12-44
activity#com.mmclub.mreader.ReadBookActivity
ADDED from src/main/AndroidManifest.xml:22:2-23:55
	android:launchMode
		ADDED from src/main/AndroidManifest.xml:23:12-43
	android:name
		ADDED from src/main/AndroidManifest.xml:22:12-44
activity#com.mmclub.mreader.BookMarkActivity
ADDED from src/main/AndroidManifest.xml:24:2-25:55
	android:launchMode
		ADDED from src/main/AndroidManifest.xml:25:12-43
	android:name
		ADDED from src/main/AndroidManifest.xml:24:12-44
activity#com.mmclub.mreader.OpenCharpter
ADDED from src/main/AndroidManifest.xml:26:2-27:55
	android:launchMode
		ADDED from src/main/AndroidManifest.xml:27:12-43
	android:name
		ADDED from src/main/AndroidManifest.xml:26:12-40
activity#com.mmclub.mreader.Version
ADDED from src/main/AndroidManifest.xml:28:2-29:55
	android:launchMode
		ADDED from src/main/AndroidManifest.xml:29:12-43
	android:name
		ADDED from src/main/AndroidManifest.xml:28:12-35
supports-screens
ADDED from src/main/AndroidManifest.xml:33:6-38:41
	android:largeScreens
		ADDED from src/main/AndroidManifest.xml:36:13-40
	android:smallScreens
		ADDED from src/main/AndroidManifest.xml:34:13-40
	android:normalScreens
		ADDED from src/main/AndroidManifest.xml:35:13-41
	android:resizeable
		ADDED from src/main/AndroidManifest.xml:37:13-38
	android:anyDensity
		ADDED from src/main/AndroidManifest.xml:38:13-38
uses-permission#android.permission.INTERNET
ADDED from src/main/AndroidManifest.xml:41:2-80
	android:name
		ADDED from src/main/AndroidManifest.xml:41:19-61
uses-permission#android.permission.WRITE_EXTERNAL_STORAGE
ADDED from src/main/AndroidManifest.xml:42:2-94
	android:name
		ADDED from src/main/AndroidManifest.xml:42:19-75
uses-permission#android.permission.CALL_PHONE
ADDED from src/main/AndroidManifest.xml:43:5-69
	android:name
		ADDED from src/main/AndroidManifest.xml:43:22-66
uses-permission#android.permission.SEND_SMS
ADDED from src/main/AndroidManifest.xml:44:5-67
	android:name
		ADDED from src/main/AndroidManifest.xml:44:22-64